[11:17:43] [ServerMain/INFO]: Environment: authHost='https://authserver.mojang.com', accountsHost='https://api.mojang.com', sessionHost='https://sessionserver.mojang.com', servicesHost='https://api.minecraftservices.com', name='PROD'
[11:17:44] [ServerMain/INFO]: Loaded 7 recipes
[11:17:44] [ServerMain/INFO]: Loaded 1271 advancements
[11:17:44] [Server thread/INFO]: Starting minecraft server version 1.20.1
[11:17:44] [Server thread/INFO]: Loading properties
[11:17:44] [Server thread/INFO]: Default game type: SURVIVAL
[11:17:44] [Server thread/INFO]: Generating keypair
[11:17:44] [Server thread/INFO]: Starting Minecraft server on *:25565
[11:17:44] [Server thread/INFO]: Using epoll channel type
[11:17:45] [Server thread/INFO]: Preparing level "world"
[11:17:46] [Server thread/INFO]: Preparing start region for dimension minecraft:overworld
[11:17:48] [Worker-Main-1/INFO]: Preparing spawn area: 0%
[11:17:48] [Worker-Main-2/INFO]: Preparing spawn area: 0%
[11:17:48] [Worker-Main-1/INFO]: Preparing spawn area: 0%
[11:17:48] [Worker-Main-2/INFO]: Preparing spawn area: 0%
[11:17:48] [Worker-Main-1/INFO]: Preparing spawn area: 0%
[11:17:49] [Worker-Main-1/INFO]: Preparing spawn area: 0%
[11:17:49] [Worker-Main-3/INFO]: Preparing spawn area: 37%
[11:17:49] [Server thread/INFO]: Time elapsed: 3276 ms
[11:17:49] [Server thread/INFO]: Done (4.899s)! For help, type "help"
[11:17:49] [Server thread/INFO]: Starting remote control listener
[11:17:49] [Server thread/INFO]: Thread RCON Listener started
[11:17:49] [Server thread/INFO]: RCON running on 0.0.0.0:25575
[11:18:38] [User Authenticator #1/INFO]: UUID of player Yano_Ken is f5a9fcc7-861c-4d57-8789-d6045a16c318
[11:18:38] [Server thread/INFO]: Yano_Ken[/172.20.0.1:49170] logged in with entity id 45 at (-2186.230420112115, 202.0, 336.69790426577373)
[11:18:38] [Server thread/INFO]: Yano_Ken joined the game
[11:19:17] [Server thread/INFO]: Yano_Ken lost connection: Disconnected
[11:19:17] [Server thread/INFO]: Yano_Ken left the game
[11:19:22] [User Authenticator #2/INFO]: UUID of player Yano_Ken is f5a9fcc7-861c-4d57-8789-d6045a16c318
[11:19:22] [Server thread/INFO]: Yano_Ken[/172.20.0.1:53276] logged in with entity id 238 at (-2188.4325667528137, 202.0, 336.9712757156426)
[11:19:22] [Server thread/INFO]: Yano_Ken joined the game
[11:19:48] [Server thread/INFO]: Yano_Ken was doomed to fall by Zombie
[11:20:01] [Server thread/INFO]: [Yano_Ken: The difficulty has been set to Peaceful]
[11:20:32] [Server thread/INFO]: [Yano_Ken: Teleported Yano_Ken to -2107.500000, 64.000000, 409.500000]
[11:39:41] [Server thread/INFO]: [Yano_Ken: The difficulty has been set to Easy]
[11:40:37] [Server thread/INFO]: Yano_Ken lost connection: Disconnected
[11:40:37] [Server thread/INFO]: Yano_Ken left the game
[12:31:50] [User Authenticator #3/INFO]: UUID of player rizu807 is a8fad8df-9df9-469f-ab51-1bc4a66439e5
[12:31:51] [Server thread/INFO]: rizu807[/172.20.0.1:51918] logged in with entity id 2434 at (-2064.099728631813, 62.5, 351.9399350919019)
[12:31:51] [Server thread/INFO]: rizu807 joined the game
[12:32:28] [User Authenticator #4/INFO]: UUID of player Yano_Ken is f5a9fcc7-861c-4d57-8789-d6045a16c318
[12:32:28] [Server thread/INFO]: Yano_Ken[/172.20.0.1:59210] logged in with entity id 2745 at (-2107.7863787739084, 64.0, 398.8932360357251)
[12:32:28] [Server thread/INFO]: Yano_Ken joined the game
[12:32:56] [Server thread/INFO]: Yano_Ken has made the advancement [We Need to Go Deeper]
[12:33:41] [Server thread/INFO]: [Yano_Ken: Set the time to 1000]
[12:33:48] [Server thread/INFO]: [Yano_Ken: Teleported Yano_Ken to -2177.500000, 64.000000, 857.500000]
[12:42:10] [Server thread/INFO]: [Yano_Ken: Teleported Yano_Ken to rizu807]
[12:42:10] [Server thread/WARN]: Yano_Ken moved too quickly! 5.840501552442674,-1.5047991229940791,-605.3937948546842
[12:42:10] [Server thread/WARN]: Yano_Ken moved too quickly! 5.840501552442674,-1.5047991229940791,-605.3937948546842
[12:42:10] [Server thread/WARN]: Yano_Ken moved too quickly! 5.840501552442674,-1.5047991229940791,-605.3937948546842
[12:46:45] [Server thread/INFO]: [Yano_Ken: Teleported Yano_Ken to -2188.500000, 202.000000, 336.500000]
[12:46:45] [Server thread/WARN]: Yano_Ken moved too quickly! -71.0,137.4375,-68.0
[12:46:45] [Server thread/WARN]: Yano_Ken moved too quickly! -71.0,137.4375,-68.0
[12:47:23] [Server thread/INFO]: [Yano_Ken: The difficulty has been set to Peaceful]
[12:48:34] [Server thread/INFO]: [Yano_Ken: Teleported rizu807 to Yano_Ken]
[12:48:34] [Server thread/WARN]: rizu807 moved too quickly! -68.53995360639965,145.5,-49.85397877675808
[12:49:03] [Server thread/INFO]: [Yano_Ken: Teleported rizu807 to -2177.500000, 64.000000, 857.500000]
[12:49:03] [Server thread/WARN]: rizu807 moved too quickly! 9.005993420098093,-138.0,521.9607163658615
[12:49:26] [Server thread/INFO]: [Yano_Ken: Teleported rizu807 to -2107.500000, 64.000000, 409.500000]
[12:55:51] [Server thread/INFO]: [Yano_Ken: The difficulty has been set to Normal]
[12:56:53] [Server thread/INFO]: [Yano_Ken: Set the time to 1000]
[13:02:06] [Server thread/INFO]: [Yano_Ken: Teleported Yano_Ken to -2107.500000, 64.000000, 409.500000]
[13:02:06] [Server thread/WARN]: Yano_Ken moved too quickly! 79.73750001192093,-138.0,73.9240536020846
[13:02:57] [Server thread/INFO]: [Yano_Ken: Teleported Yano_Ken to -2188.500000, 202.000000, 336.500000]
[13:02:57] [Server thread/WARN]: Yano_Ken moved too quickly! -72.37170491780171,146.0,-52.044847194451336
[13:02:57] [Server thread/WARN]: Yano_Ken moved too quickly! -72.37170491780171,146.0,-52.044847194451336
[13:02:57] [Server thread/WARN]: Yano_Ken moved too quickly! -72.37170491780171,146.0,-52.044847194451336
[13:07:30] [Server thread/INFO]: [Yano_Ken: The difficulty has been set to Peaceful]
[13:08:20] [Server thread/INFO]: [Yano_Ken: Teleported Yano_Ken to -2107.500000, 64.000000, 409.500000]
[13:08:20] [Server thread/WARN]: Yano_Ken moved too quickly! 80.43385609875713,-138.0,73.3649749569243
[13:08:20] [Server thread/WARN]: Yano_Ken moved too quickly! 80.43385609875713,-138.0,73.3649749569243
[13:08:30] [Server thread/INFO]: [Yano_Ken: Set the time to 1000]
[13:09:15] [Server thread/INFO]: [Yano_Ken: Teleported Yano_Ken to -2188.500000, 202.000000, 336.500000]
[13:09:15] [Server thread/WARN]: Yano_Ken moved too quickly! -72.37627023694131,146.0,-50.48878688263051
[13:09:15] [Server thread/WARN]: Yano_Ken moved too quickly! -72.37627023694131,146.0,-50.48878688263051
[13:10:49] [Server thread/INFO]: [Yano_Ken: The difficulty has been set to Hard]
[13:16:33] [Server thread/INFO]: [Yano_Ken: Teleported Yano_Ken to -2107.500000, 64.000000, 409.500000]
[13:16:33] [Server thread/WARN]: Yano_Ken moved too quickly! 79.8346518358453,-138.0,73.09643808853554
[13:16:33] [Server thread/WARN]: Yano_Ken moved too quickly! 79.8346518358453,-138.0,73.09643808853554
[13:16:33] [Server thread/WARN]: Yano_Ken moved too quickly! 79.8346518358453,-138.0,73.09643808853554
[13:16:33] [Server thread/WARN]: Yano_Ken moved too quickly! 79.8346518358453,-138.0,73.09643808853554
[13:17:58] [Server thread/INFO]: Yano_Ken has made the advancement [Enchanter]
[13:19:39] [Server thread/INFO]: [Yano_Ken: Teleported Yano_Ken to -2188.500000, 202.000000, 336.500000]
[13:19:39] [Server thread/WARN]: Yano_Ken moved too quickly! -66.80683478738229,138.0,-47.09099051860949
[13:19:39] [Server thread/WARN]: Yano_Ken moved too quickly! -66.80683478738229,138.0,-47.09099051860949
[13:19:39] [Server thread/WARN]: Yano_Ken moved too quickly! -66.80683478738229,138.0,-47.09099051860949
[13:19:39] [Server thread/WARN]: Yano_Ken moved too quickly! -66.80683478738229,138.0,-47.09099051860949
[13:24:11] [Server thread/INFO]: [Yano_Ken: Teleported rizu807 to Yano_Ken]
[13:24:11] [Server thread/WARN]: rizu807 moved too quickly! 7.761925692921523,186.0,-114.19100129588435
[13:24:11] [Server thread/WARN]: rizu807 moved too quickly! 7.761925692921523,186.0,-114.19100129588435
[13:40:12] [Server thread/INFO]: [Yano_Ken: The difficulty has been set to Peaceful]
[13:41:44] [Server thread/INFO]: [Yano_Ken: Teleported Yano_Ken to -2107.500000, 64.000000, 409.500000]
[13:41:44] [Server thread/WARN]: Yano_Ken moved too quickly! 80.57986496274816,-138.0,74.65850989214704
[13:41:44] [Server thread/WARN]: Yano_Ken moved too quickly! 80.57986496274816,-138.0,74.65850989214704
[13:41:44] [Server thread/WARN]: Yano_Ken moved too quickly! 80.57986496274816,-138.0,74.65850989214704
[13:41:44] [Server thread/WARN]: Yano_Ken moved too quickly! 80.57986496274816,-138.0,74.65850989214704
[13:41:44] [Server thread/WARN]: Yano_Ken moved too quickly! 80.57986496274816,-138.0,74.65850989214704
[13:41:55] [Server thread/INFO]: [Yano_Ken: Teleported Yano_Ken to rizu807]
[13:42:04] [Server thread/INFO]: [Yano_Ken: Teleported Yano_Ken to -2107.500000, 64.000000, 409.500000]
[13:42:04] [Server thread/WARN]: Yano_Ken moved too quickly! 81.56742468654011,-138.0,74.64709058993657
[13:42:04] [Server thread/WARN]: Yano_Ken moved too quickly! 81.56742468654011,-138.0,74.64709058993657
[13:42:10] [Server thread/INFO]: [Yano_Ken: Teleported rizu807 to Yano_Ken]
[13:42:10] [Server thread/WARN]: rizu807 moved too quickly! 80.37385199487471,-138.0,72.40960048940161
[13:42:10] [Server thread/WARN]: rizu807 moved too quickly! 80.37385199487471,-138.0,72.40960048940161
[13:42:10] [Server thread/WARN]: rizu807 moved too quickly! 80.37385199487471,-138.0,72.40960048940161
[13:45:32] [Server thread/INFO]: [Yano_Ken: Teleported Yano_Ken to -2188.500000, 202.000000, 336.500000]
[13:45:32] [Server thread/WARN]: Yano_Ken moved too quickly! -72.48288246071388,146.0,-51.94952151440822
[13:45:43] [Server thread/INFO]: [Yano_Ken: The difficulty has been set to Hard]
[14:00:14] [Server thread/INFO]: [Yano_Ken: Teleported rizu807 to Yano_Ken]
[14:00:14] [Server thread/WARN]: rizu807 moved too quickly! -58.79756032270734,140.0,12.74868048744429
[14:06:42] [Server thread/INFO]: [Yano_Ken: The difficulty has been set to Peaceful]
[14:08:59] [Server thread/INFO]: [Yano_Ken: Teleported Yano_Ken to -2107.500000, 64.000000, 409.500000]
[14:08:59] [Server thread/WARN]: Yano_Ken moved too quickly! 81.54149537731973,-138.5,75.98152251054535
[14:08:59] [Server thread/WARN]: Yano_Ken moved too quickly! 81.54149537731973,-138.5,75.98152251054535
[14:08:59] [Server thread/WARN]: Yano_Ken moved too quickly! 81.54149537731973,-138.5,75.98152251054535
[14:08:59] [Server thread/WARN]: Yano_Ken moved too quickly! 81.54149537731973,-138.5,75.98152251054535
[14:09:16] [Server thread/INFO]: [Yano_Ken: Teleported rizu807 to Yano_Ken]
[14:09:16] [Server thread/WARN]: rizu807 moved too quickly! 80.04355245456463,-138.5,75.2406481670485
[14:09:16] [Server thread/WARN]: rizu807 moved too quickly! 80.04355245456463,-138.5,75.2406481670485
[14:16:02] [Server thread/INFO]: [Yano_Ken: The difficulty has been set to Normal]
[14:23:46] [Server thread/INFO]: rizu807 lost connection: Disconnected
[14:23:46] [Server thread/INFO]: rizu807 left the game
[14:23:48] [Server thread/INFO]: Yano_Ken lost connection: Disconnected
[14:23:48] [Server thread/INFO]: Yano_Ken left the game
